# Sphinx version: 4.5.0
# Python version: 3.11.0 (CPython)
# Docutils version: 0.17.1 release
# Jinja2 version: 3.1.2
# Last messages:
#   
#   looking for now-outdated files...
#   none found
#   pickling environment...
#   done
#   checking consistency...
#   done
#   preparing documents...
#   done
#   writing output... [100%] intro
# Loaded extensions:
#   sphinx.ext.mathjax (4.5.0) from C:\Users\koots\AppData\Local\Programs\Python\Python311\Lib\site-packages\sphinx\ext\mathjax.py
#   sphinxcontrib.applehelp (1.0.2) from C:\Users\koots\AppData\Local\Programs\Python\Python311\Lib\site-packages\sphinxcontrib\applehelp\__init__.py
#   sphinxcontrib.devhelp (1.0.2) from C:\Users\koots\AppData\Local\Programs\Python\Python311\Lib\site-packages\sphinxcontrib\devhelp\__init__.py
#   sphinxcontrib.htmlhelp (2.0.0) from C:\Users\koots\AppData\Local\Programs\Python\Python311\Lib\site-packages\sphinxcontrib\htmlhelp\__init__.py
#   sphinxcontrib.serializinghtml (1.1.5) from C:\Users\koots\AppData\Local\Programs\Python\Python311\Lib\site-packages\sphinxcontrib\serializinghtml\__init__.py
#   sphinxcontrib.qthelp (1.0.3) from C:\Users\koots\AppData\Local\Programs\Python\Python311\Lib\site-packages\sphinxcontrib\qthelp\__init__.py
#   alabaster (0.7.12) from C:\Users\koots\AppData\Local\Programs\Python\Python311\Lib\site-packages\alabaster\__init__.py
#   sphinx_togglebutton (0.3.2) from C:\Users\koots\AppData\Local\Programs\Python\Python311\Lib\site-packages\sphinx_togglebutton\__init__.py
#   sphinx_copybutton (0.5.1) from C:\Users\koots\AppData\Local\Programs\Python\Python311\Lib\site-packages\sphinx_copybutton\__init__.py
#   myst_nb (0.13.2) from C:\Users\koots\AppData\Local\Programs\Python\Python311\Lib\site-packages\myst_nb\__init__.py
#   jupyter_book (0.13.1) from C:\Users\koots\AppData\Local\Programs\Python\Python311\Lib\site-packages\jupyter_book\__init__.py
#   sphinx_thebe (0.1.2) from C:\Users\koots\AppData\Local\Programs\Python\Python311\Lib\site-packages\sphinx_thebe\__init__.py
#   sphinx_comments (0.0.3) from C:\Users\koots\AppData\Local\Programs\Python\Python311\Lib\site-packages\sphinx_comments\__init__.py
#   sphinx_external_toc (0.2.4) from C:\Users\koots\AppData\Local\Programs\Python\Python311\Lib\site-packages\sphinx_external_toc\__init__.py
#   sphinx.ext.intersphinx (4.5.0) from C:\Users\koots\AppData\Local\Programs\Python\Python311\Lib\site-packages\sphinx\ext\intersphinx.py
#   sphinx_design (0.1.0) from C:\Users\koots\AppData\Local\Programs\Python\Python311\Lib\site-packages\sphinx_design\__init__.py
#   sphinx_book_theme (unknown version) from C:\Users\koots\AppData\Local\Programs\Python\Python311\Lib\site-packages\sphinx_book_theme\__init__.py
#   sphinxcontrib.bibtex (2.5.0) from C:\Users\koots\AppData\Local\Programs\Python\Python311\Lib\site-packages\sphinxcontrib\bibtex\__init__.py
#   sphinx_jupyterbook_latex (unknown version) from C:\Users\koots\AppData\Local\Programs\Python\Python311\Lib\site-packages\sphinx_jupyterbook_latex\__init__.py
#   pydata_sphinx_theme (unknown version) from C:\Users\koots\AppData\Local\Programs\Python\Python311\Lib\site-packages\pydata_sphinx_theme\__init__.py
Traceback (most recent call last):
  File "C:\Users\koots\AppData\Local\Programs\Python\Python311\Lib\site-packages\jupyter_book\sphinx.py", line 171, in build_sphinx
    app.build(force_all, filenames)
  File "C:\Users\koots\AppData\Local\Programs\Python\Python311\Lib\site-packages\sphinx\application.py", line 330, in build
    self.builder.build_update()
  File "C:\Users\koots\AppData\Local\Programs\Python\Python311\Lib\site-packages\sphinx\builders\__init__.py", line 286, in build_update
    self.build(to_build,
  File "C:\Users\koots\AppData\Local\Programs\Python\Python311\Lib\site-packages\sphinx\builders\__init__.py", line 350, in build
    self.write(docnames, list(updated_docnames), method)
  File "C:\Users\koots\AppData\Local\Programs\Python\Python311\Lib\site-packages\sphinx\builders\__init__.py", line 524, in write
    self._write_serial(sorted(docnames))
  File "C:\Users\koots\AppData\Local\Programs\Python\Python311\Lib\site-packages\sphinx\builders\__init__.py", line 531, in _write_serial
    doctree = self.env.get_and_resolve_doctree(docname, self)
              ^^^^^^^^^^^^^^^^^^^^^^^^^^^^^^^^^^^^^^^^^^^^^^^
  File "C:\Users\koots\AppData\Local\Programs\Python\Python311\Lib\site-packages\sphinx\environment\__init__.py", line 535, in get_and_resolve_doctree
    toctreenode.replace_self([])
  File "C:\Users\koots\AppData\Local\Programs\Python\Python311\Lib\site-packages\docutils\nodes.py", line 1034, in replace_self
    assert not self[att], \
AssertionError: Losing "classes" attribute: latex-tableofcontents
